This is submit command. 
For creating processes and outputing with jobid.
Hello, I am thread 0 of 4
Hello, I am thread 1 of 4
Hello, I am thread 2 of 4
queue has 1 elements, start = 0, end = 1
4 
queue has 2 elements, start = 0, end = 2
4 5 
queue has 3 elements, start = 0, end = 3
4 5 6 
queue has 4 elements, start = 0, end = 4
4 5 6 7 
queue has 3 elements, start = 1, end = 4
5 6 7 
queue has 2 elements, start = 2, end = 4
6 7 
queue has 1 elements, start = 3, end = 4
7 
queue empty, nothing to display
Hello, I am thread 3 of 4
Exiting main program
